1485519979649	geckodriver	INFO	Listening on 127.0.0.1:41932
1485519980586	mozprofile::profile	INFO	Using profile path /tmp/rust_mozprofile.A0kjMbYPjy9X
1485519980586	geckodriver::marionette	INFO	Starting browser /usr/bin/firefox
1485519980631	geckodriver::marionette	INFO	Connecting to Marionette on localhost:34030
1485519985151	Marionette	ERROR	Error on starting server: [Exception... "Component returned failure code: 0x804b0036 (NS_ERROR_SOCKET_ADDRESS_IN_USE) [nsIServerSocket.initSpecialConnection]"  nsresult: "0x804b0036 (NS_ERROR_SOCKET_ADDRESS_IN_USE)"  location: "JS frame :: chrome://marionette/content/server.js :: MarionetteServer.prototype.start :: line 85"  data: no]
[Exception... "Component returned failure code: 0x804b0036 (NS_ERROR_SOCKET_ADDRESS_IN_USE) [nsIServerSocket.initSpecialConnection]"  nsresult: "0x804b0036 (NS_ERROR_SOCKET_ADDRESS_IN_USE)"  location: "JS frame :: chrome://marionette/content/server.js :: MarionetteServer.prototype.start :: line 85"  data: no]
MarionetteServer.prototype.start@chrome://marionette/content/server.js:85:19
MarionetteComponent.prototype.init@resource://gre/components/marionettecomponent.js:218:5
MarionetteComponent.prototype.observe@resource://gre/components/marionettecomponent.js:142:7

[Child 9137] ###!!! ABORT: Aborting on channel error.: file /build/firefox-MkV0Xf/firefox-50.1.0+build2/ipc/glue/MessageChannel.cpp, line 2056
[Child 9137] ###!!! ABORT: Aborting on channel error.: file /build/firefox-MkV0Xf/firefox-50.1.0+build2/ipc/glue/MessageChannel.cpp, line 2056
1485520208728	geckodriver	INFO	Listening on 127.0.0.1:43436
1485520209729	mozprofile::profile	INFO	Using profile path /tmp/rust_mozprofile.2RyC72zho0DT
1485520209730	geckodriver::marionette	INFO	Starting browser /usr/bin/firefox
1485520209732	geckodriver::marionette	INFO	Connecting to Marionette on localhost:43227
1485520210506	Marionette	INFO	Listening on port 43227
1485520282543	geckodriver	INFO	Listening on 127.0.0.1:52762
1485520283546	mozprofile::profile	INFO	Using profile path /tmp/rust_mozprofile.FwNfOWHendav
1485520283546	geckodriver::marionette	INFO	Starting browser /usr/bin/firefox
1485520283552	geckodriver::marionette	INFO	Connecting to Marionette on localhost:38092
1485520284626	Marionette	INFO	Listening on port 38092
[Child 9852] ###!!! ABORT: Aborting on channel error.: file /build/firefox-MkV0Xf/firefox-50.1.0+build2/ipc/glue/MessageChannel.cpp, line 2056
[Child 9852] ###!!! ABORT: Aborting on channel error.: file /build/firefox-MkV0Xf/firefox-50.1.0+build2/ipc/glue/MessageChannel.cpp, line 2056

###!!! [Child][MessageChannel] Error: (msgtype=0x420003,name=PCompositable::Msg_Destroy) Channel error: cannot send/recv


###!!! [Child][MessageChannel] Error: (msgtype=0x420003,name=PCompositable::Msg_Destroy) Channel error: cannot send/recv

1485520450317	geckodriver	INFO	Listening on 127.0.0.1:56386
1485520451319	mozprofile::profile	INFO	Using profile path /tmp/rust_mozprofile.sru2iqTQ61j5
1485520451321	geckodriver::marionette	INFO	Starting browser /usr/bin/firefox
1485520451326	geckodriver::marionette	INFO	Connecting to Marionette on localhost:40788
1485520452362	Marionette	INFO	Listening on port 40788
1485520470614	geckodriver	INFO	Listening on 127.0.0.1:53504
1485520471616	mozprofile::profile	INFO	Using profile path /tmp/rust_mozprofile.ZZftPgsDp1fi
1485520471617	geckodriver::marionette	INFO	Starting browser /usr/bin/firefox
1485520471622	geckodriver::marionette	INFO	Connecting to Marionette on localhost:38411
1485520472693	Marionette	INFO	Listening on port 38411
*************************
A coding exception was thrown and uncaught in a Task.

Full message: TypeError: NetworkError when attempting to fetch resource.
Full stack: 
*************************
